#
# A fatal error has been detected by the Java Runtime Environment:
#
#  Internal Error (javaClasses.cpp:136), pid=8220, tid=13200
#  fatal error: Invalid layout of preloaded class
#
# JRE version:  (7.0_45-b18) (build )
# Java VM: Java HotSpot(TM) 64-Bit Server VM (24.45-b08 mixed mode windows-amd64 compressed oops)
# Failed to write core dump. Minidumps are not enabled by default on client versions of Windows
#
# If you would like to submit a bug report, please visit:
#   http://bugreport.sun.com/bugreport/crash.jsp
#

---------------  T H R E A D  ---------------

Current thread (0x0000000003040800):  JavaThread "Unknown thread" [_thread_in_vm, id=13200, stack(0x0000000002f40000,0x0000000003040000)]

Stack: [0x0000000002f40000,0x0000000003040000]

---------------  P R O C E S S  ---------------

Java Threads: ( => current thread )

Other Threads:

=>0x0000000003040800 (exited) JavaThread "Unknown thread" [_thread_in_vm, id=13200, stack(0x0000000002f40000,0x0000000003040000)]

VM state:not at safepoint (not fully initialized)

VM Mutex/Monitor currently owned by a thread: None

GC Heap History (0 events):
No events

Deoptimization events (0 events):
No events

Internal exceptions (0 events):
No events

Events (10 events):
Event: 0.015 loading class 0x0000000003086c00 done
Event: 0.015 loading class 0x0000000003086620 done
Event: 0.015 loading class 0x0000000003086600
Event: 0.015 loading class 0x000000000308e700
Event: 0.015 loading class 0x000000000308e700 done
Event: 0.015 loading class 0x000000000308e730
Event: 0.015 loading class 0x000000000308e730 done
Event: 0.015 loading class 0x000000000308e760
Event: 0.015 loading class 0x000000000308e760 done
Event: 0.016 loading class 0x0000000003086600 done


Dynamic libraries:
0x000007f7e33d0000 - 0x000007f7e3403000 	C:\Program Files\Java\jre7\bin\javaw.exe
0x000007fac76f0000 - 0x000007fac78b0000 	C:\windows\SYSTEM32\ntdll.dll
0x000007fac4db0000 - 0x000007fac4ee7000 	C:\windows\system32\KERNEL32.DLL
0x000007fac4830000 - 0x000007fac4924000 	C:\windows\system32\KERNELBASE.dll
0x000007fac7610000 - 0x000007fac76ee000 	C:\windows\system32\ADVAPI32.dll
0x000007fac4c60000 - 0x000007fac4dac000 	C:\windows\system32\USER32.dll
0x000007fac3680000 - 0x000007fac38ea000 	C:\windows\WinSxS\amd64_microsoft.windows.common-controls_6595b64144ccf1df_6.0.9200.16579_none_418ab7ef718b27ef\COMCTL32.dll
0x000007fac6800000 - 0x000007fac68a5000 	C:\windows\system32\msvcrt.dll
0x000007fac74e0000 - 0x000007fac7528000 	C:\windows\SYSTEM32\sechost.dll
0x000007fac68b0000 - 0x000007fac69f5000 	C:\windows\system32\RPCRT4.dll
0x000007fac7220000 - 0x000007fac7361000 	C:\windows\system32\GDI32.dll
0x000007fac6ab0000 - 0x000007fac6ae9000 	C:\windows\system32\IMM32.DLL
0x000007fac70a0000 - 0x000007fac71b6000 	C:\windows\system32\MSCTF.dll
0x0000000059e60000 - 0x0000000059f32000 	C:\Program Files\Java\jre7\bin\msvcr100.dll
0x0000000059260000 - 0x0000000059a29000 	C:\Program Files\Java\jre7\bin\server\jvm.dll
0x000007fabd5b0000 - 0x000007fabd5b9000 	C:\windows\SYSTEM32\WSOCK32.dll
0x000007fabe3b0000 - 0x000007fabe3d0000 	C:\windows\SYSTEM32\WINMM.dll
0x000007fac5090000 - 0x000007fac5097000 	C:\windows\system32\PSAPI.DLL
0x000007fac6a00000 - 0x000007fac6a58000 	C:\windows\system32\WS2_32.dll
0x000007fabe370000 - 0x000007fabe3a3000 	C:\windows\SYSTEM32\WINMMBASE.dll
0x000007fac74d0000 - 0x000007fac74d9000 	C:\windows\system32\NSI.dll
0x000007fac4930000 - 0x000007fac497f000 	C:\windows\SYSTEM32\cfgmgr32.dll
0x000007fac4ab0000 - 0x000007fac4ad2000 	C:\windows\system32\DEVOBJ.dll
0x0000000059fa0000 - 0x0000000059faf000 	C:\Program Files\Java\jre7\bin\verify.dll
0x0000000059f70000 - 0x0000000059f98000 	C:\Program Files\Java\jre7\bin\java.dll
0x0000000059e40000 - 0x0000000059e55000 	C:\Program Files\Java\jre7\bin\zip.dll

VM Arguments:
jvm_args: -Dfile.encoding=GBK -Xbootclasspath:D:\AndroidSDK\platforms\android-19\android.jar 
java_command: ics.android_usb_computer.pc.PCHost
Launcher Type: SUN_STANDARD

Environment Variables:
PATH=C:\Python27\Lib\site-packages\PyQt4;C:\Program Files (x86)\Intel\iCLS Client\;C:\Program Files\Intel\iCLS Client\;C:\windows\system32;C:\windows;C:\windows\System32\Wbem;C:\windows\System32\WindowsPowerShell\v1.0\;C:\Program Files\Intel\Intel(R) Management Engine Components\DAL;C:\Program Files\Intel\Intel(R) Management Engine Components\IPT;C:\Program Files (x86)\Intel\Intel(R) Management Engine Components\DAL;C:\Program Files (x86)\Intel\Intel(R) Management Engine Components\IPT;C:\Program Files\Condusiv Technologies\ExpressCache\;C:\ProgramData\Lenovo\ReadyApps;C:\CTEX\UserData\miktex\bin;C:\CTEX\MiKTeX\miktex\bin;C:\CTEX\CTeX\ctex\bin;C:\CTEX\CTeX\cct\bin;C:\CTEX\CTeX\ty\bin;C:\CTEX\Ghostscript\gs9.05\bin;C:\CTEX\GSview\gsview;C:\CTEX\WinEdt;C:\Program Files\Intel\WiFi\bin\;C:\Program Files\Common Files\Intel\WirelessCommon\;C:\Python27;C:\Python27\DLLs;C:\Python27\Scripts;C:\Python27\Lib\site-packages\vtk;C:\Python27\gnuplot\binary;C:\Python27\Lib\site-packages\osgeo;C:\Program Files (x86)\pythonxy\SciTE-3.3.2-3;C:\Program Files (x86)\pythonxy\console;C:\MinGW32-xy\bin;C:\Program Files (x86)\pythonxy\swig;C:\Program Files (x86)\pythonxy\gettext\bin;C:\Program Files\MATLAB\R2013b\runtime\win64;C:\Program Files\MATLAB\R2013b\bin;C:\Program Files\MATLAB\R2013b\polyspace\bin
USERNAME=ics-ant
OS=Windows_NT
PROCESSOR_IDENTIFIER=Intel64 Family 6 Model 58 Stepping 9, GenuineIntel



---------------  S Y S T E M  ---------------

OS: Windows 8 , 64 bit Build 9200 

CPU:total 4 (2 cores per cpu, 2 threads per core) family 6 model 58 stepping 9, cmov, cx8, fxsr, mmx, sse, sse2, sse3, ssse3, sse4.1, sse4.2, popcnt, avx, erms, ht, tsc, tscinvbit, tscinv

Memory: 4k page, physical 8203676k(1950636k free), swap 22359452k(9253208k free)

vm_info: Java HotSpot(TM) 64-Bit Server VM (24.45-b08) for windows-amd64 JRE (1.7.0_45-b18), built on Oct  8 2013 05:47:22 by "java_re" with unknown MS VC++:1600

time: Sun Jun 22 22:17:10 2014
elapsed time: 0 seconds

